<?xml version="1.0" encoding="UTF-8"?>
<!-- Generated by org.testng.reporters.JUnitXMLReporter -->
<testsuite ignored="0" hostname="DESKTOP-KL2R9ES" failures="0" tests="4" name="Test" time="98.835" errors="0" timestamp="2022-11-21T22:39:28 IST">
  <testcase classname="com.ParllelExecution.CarClass" name="Secondtest1" time="22.042"/>
  <testcase classname="com.ParllelExecution.CarClass" name="Secondtest2" time="43.477"/>
  <testcase classname="com.ParllelExecution.BikeClass" name="Firsttest" time="21.468"/>
  <testcase classname="com.ParllelExecution.BikeClass" name="Firt1test2" time="11.691"/>
</testsuite> <!-- Test -->
